<?xml version="1.0" encoding="UTF-8"?>
<!-- Generated by org.testng.reporters.JUnitReportReporter -->
<testsuite hostname="MK-PC" failures="0" tests="1" name="com.runner.TestRUNNER" time="0.640" errors="0" timestamp="14 Jul 2020 04:54:50 GMT" skipped="0">
  <testcase classname="com.runner.TestRUNNER" name="feature" time="0.640"/>
</testsuite> <!-- com.runner.TestRUNNER -->
